<?xml version="1.0" encoding="UTF-8"?>
<!-- Generated by org.testng.reporters.JUnitXMLReporter -->
<testsuite hostname="Gowthami" ignored="0" name="Default test" tests="4" failures="0" timestamp="28 Apr 2019 13:37:10 GMT" time="0.076" errors="0">
  <testcase name="testcase8" time="0.008" classname="day7_practice.TestngTesting"/>
  <testcase name="testcase7" time="0.004" classname="day7_practice.TestngTesting"/>
  <testcase name="testcase1" time="0.004" classname="day7_practice.TestngTesting"/>
  <testcase name="testcase3" time="0.004" classname="day7_practice.TestngTesting"/>
</testsuite> <!-- Default test -->
