<?xml version="1.0" encoding="UTF-8"?>
<!-- Generated by org.testng.reporters.JUnitXMLReporter -->
<testsuite hostname="Gowthami" ignored="0" name="TestRun 1" tests="4" failures="0" timestamp="12 May 2019 06:09:53 GMT" time="0.152" errors="0">
  <testcase name="testcase8" time="0.015" classname="day7_practice.TestngTesting"/>
  <testcase name="testcase7" time="0.005" classname="day7_practice.TestngTesting"/>
  <testcase name="testcase1" time="0.008" classname="day7_practice.TestngTesting"/>
  <testcase name="testcase3" time="0.004" classname="day7_practice.TestngTesting"/>
</testsuite> <!-- TestRun 1 -->
