<?xml version="1.0" encoding="UTF-8"?>
<!-- Generated by org.testng.reporters.JUnitXMLReporter -->
<testsuite hostname="Gowthami" ignored="0" name="Test Run " tests="8" failures="0" timestamp="12 May 2019 06:11:40 GMT" time="0.129" errors="0">
  <testcase name="testcase8" time="0.011" classname="day7_practice.TestngTesting"/>
  <testcase name="testcase11" time="0.003" classname="day7_practice.TestingExample"/>
  <testcase name="testcase10" time="0.002" classname="day7_practice.TestingExample"/>
  <testcase name="testcase9" time="0.004" classname="day7_practice.TestingExample"/>
  <testcase name="testcase19" time="0.002" classname="day7_practice.TestingExample"/>
  <testcase name="testcase7" time="0.004" classname="day7_practice.TestngTesting"/>
  <testcase name="testcase1" time="0.003" classname="day7_practice.TestngTesting"/>
  <testcase name="testcase3" time="0.002" classname="day7_practice.TestngTesting"/>
</testsuite> <!-- Test Run  -->
